  Using bundled DotNet SDK
  Log file: C:\Users\82106\AppData\Local\UnrealBuildTool\Log.txt
  Using 'git status' to determine working set for adaptive non-unity build (C:\Users\82106\Documents\Study_UE5_1).
  Parsing headers for ArenaBattleEditor
    Running UnrealHeaderTool "C:\Users\82106\Documents\Study_UE5_1\ArenaBattle\ArenaBattle.uproject" "C:\Users\82106\Documents\Study_UE5_1\ArenaBattle\Intermediate\Build\Win64\ArenaBattleEditor\Development\ArenaBattleEditor.uhtmanifest" -LogCmds="loginit warning, logexit warning, logdatabase error" -Unattended -WarningsAsErrors -abslog="C:\Users\82106\AppData\Local\UnrealBuildTool\Log_UHT.txt" -installed
  Reflection code generated for ArenaBattleEditor in 1.703205 seconds
  Building ArenaBattleEditor...
  Using Visual Studio 2022 14.32.31332 toolchain (C:\Program Files\Microsoft Visual Studio\2022\Community\VC\Tools\MSVC\14.32.31326) and Windows 10.0.19041.0 SDK (C:\Program Files (x86)\Windows Kits\10).
  Determining max actions to execute in parallel (6 physical cores, 12 logical cores)
    Executing up to 6 processes, one per physical core
    Requested 1.5 GB free memory per action, 6.37 GB available: limiting max parallel actions to 4
  Building 6 actions with 4 processes...
  [1/6] Compile ArenaBattle.init.gen.cpp
  [2/6] Compile ABAnimInstance.cpp
  [3/6] Compile ABAnimInstance.gen.cpp
  [4/6] Link UnrealEditor-ArenaBattle.lib
     C:\Users\82106\Documents\Study_UE5_1\ArenaBattle\Intermediate\Build\Win64\UnrealEditor\Development\ArenaBattle\UnrealEditor-ArenaBattle.lib 라이브러리 및 C:\Users\82106\Documents\Study_UE5_1\ArenaBattle\Intermediate\Build\Win64\UnrealEditor\Development\ArenaBattle\UnrealEditor-ArenaBattle.exp 개체를 생성하고 있습니다.
  [5/6] Link UnrealEditor-ArenaBattle.dll
     C:\Users\82106\Documents\Study_UE5_1\ArenaBattle\Intermediate\Build\Win64\UnrealEditor\Development\ArenaBattle\UnrealEditor-ArenaBattle.suppressed.lib 라이브러리 및 C:\Users\82106\Documents\Study_UE5_1\ArenaBattle\Intermediate\Build\Win64\UnrealEditor\Development\ArenaBattle\UnrealEditor-ArenaBattle.suppressed.exp 개체를 생성하고 있습니다.
  [6/6] WriteMetadata ArenaBattleEditor.target
  Total time in Parallel executor: 6.21 seconds
  Total execution time: 8.56 seconds
